<?xml version="1.0" encoding="UTF-8"?>
<testsuite xmlns:xsi="http://www.w3.org/2001/XMLSchema-instance" xsi:noNamespaceSchemaLocation="https://maven.apache.org/surefire/maven-surefire-plugin/xsd/surefire-test-report-3.0.xsd" version="3.0" name="com.odin.esport.OdinBackApplicationTests" time="8.964" tests="1" errors="0" skipped="0" failures="0">
  <properties>
[...]
</properties>
  <testcase name="contextLoads" classname="com.odin.esport.OdinBackApplicationTests" time="0.541">
    <system-out><![CDATA[11:14:27.952 [main] INFO org.springframework.test.context.support.AnnotationConfigContextLoaderUtils -- Could not detect default configuration classes for test class [com.odin.esport.OdinBackApplicationTests]: OdinBackApplicationTests does not declare any static, non-private, non-final, nested classes annotated with @Configuration.
11:14:28.043 [main] INFO org.springframework.boot.test.context.SpringBootTestContextBootstrapper -- Found @SpringBootConfiguration com.odin.esport.OdinBackApplication for test class com.odin.esport.OdinBackApplicationTests

  .   ____          _            __ _ _
 /\\ / ___'_ __ _ _(_)_ __  __ _ \ \ \ \
( ( )\___ | '_ | '_| | '_ \/ _` | \ \ \ \
 \\/  ___)| |_)| | | | | || (_| |  ) ) ) )
  '  |____| .__|_| |_|_| |_\__, | / / / /
 =========|_|==============|___/=/_/_/_/
 :: Spring Boot ::                (v3.2.0)

2023-12-23T11:14:28.412+01:00  INFO 24740 --- [           main] c.odin.esport.OdinBackApplicationTests   : Starting OdinBackApplicationTests using Java 17.0.1 with PID 24740 (started by USER in C:\Users\USER\eclipse-workspace\OdinBack)
2023-12-23T11:14:28.413+01:00  INFO 24740 --- [           main] c.odin.esport.OdinBackApplicationTests   : No active profile set, falling back to 1 default profile: "default"
2023-12-23T11:14:29.115+01:00  INFO 24740 --- [           main] .s.d.r.c.RepositoryConfigurationDelegate : Bootstrapping Spring Data JPA repositories in DEFAULT mode.
2023-12-23T11:14:29.193+01:00  INFO 24740 --- [           main] .s.d.r.c.RepositoryConfigurationDelegate : Finished Spring Data repository scanning in 69 ms. Found 10 JPA repository interfaces.
2023-12-23T11:14:29.690+01:00  INFO 24740 --- [           main] o.hibernate.jpa.internal.util.LogHelper  : HHH000204: Processing PersistenceUnitInfo [name: default]
2023-12-23T11:14:29.760+01:00  INFO 24740 --- [           main] org.hibernate.Version                    : HHH000412: Hibernate ORM core version 6.3.1.Final
2023-12-23T11:14:29.799+01:00  INFO 24740 --- [           main] o.h.c.internal.RegionFactoryInitiator    : HHH000026: Second-level cache disabled
2023-12-23T11:14:30.147+01:00  INFO 24740 --- [           main] o.s.o.j.p.SpringPersistenceUnitInfo      : No LoadTimeWeaver setup: ignoring JPA class transformer
2023-12-23T11:14:30.178+01:00  INFO 24740 --- [           main] com.zaxxer.hikari.HikariDataSource       : HikariPool-1 - Starting...
2023-12-23T11:14:31.102+01:00  INFO 24740 --- [           main] com.zaxxer.hikari.pool.HikariPool        : HikariPool-1 - Added connection com.mysql.cj.jdbc.ConnectionImpl@5a13f1f7
2023-12-23T11:14:31.105+01:00  INFO 24740 --- [           main] com.zaxxer.hikari.HikariDataSource       : HikariPool-1 - Start completed.
2023-12-23T11:14:31.222+01:00  WARN 24740 --- [           main] org.hibernate.dialect.Dialect            : HHH000511: The 5.5.0 version for [org.hibernate.dialect.MySQLDialect] is no longer supported, hence certain features may not work properly. The minimum supported version is 5.7.0. Check the community dialects project for available legacy versions.
2023-12-23T11:14:31.226+01:00  WARN 24740 --- [           main] org.hibernate.orm.deprecation            : HHH90000025: MySQLDialect does not need to be specified explicitly using 'hibernate.dialect' (remove the property setting and it will be selected by default)
2023-12-23T11:14:32.218+01:00  INFO 24740 --- [           main] o.h.e.t.j.p.i.JtaPlatformInitiator       : HHH000489: No JTA platform available (set 'hibernate.transaction.jta.platform' to enable JTA platform integration)
2023-12-23T11:14:34.836+01:00  INFO 24740 --- [           main] j.LocalContainerEntityManagerFactoryBean : Initialized JPA EntityManagerFactory for persistence unit 'default'
2023-12-23T11:14:35.463+01:00  WARN 24740 --- [           main] JpaBaseConfiguration$JpaWebConfiguration : spring.jpa.open-in-view is enabled by default. Therefore, database queries may be performed during view rendering. Explicitly configure spring.jpa.open-in-view to disable this warning
2023-12-23T11:14:35.489+01:00  WARN 24740 --- [           main] .s.s.UserDetailsServiceAutoConfiguration : 

Using generated security password: df358297-dc85-4c9f-a416-fa90d720ae0c

This generated password is for development use only. Your security configuration must be updated before running your application in production.

2023-12-23T11:14:35.869+01:00  INFO 24740 --- [           main] o.s.s.web.DefaultSecurityFilterChain     : Will secure any request with [org.springframework.security.web.session.DisableEncodeUrlFilter@78b29e00, org.springframework.security.web.context.request.async.WebAsyncManagerIntegrationFilter@5c438795, org.springframework.security.web.context.SecurityContextHolderFilter@307ba188, org.springframework.security.web.header.HeaderWriterFilter@765e5a55, org.springframework.web.filter.CorsFilter@3bbb3c84, org.springframework.security.web.authentication.logout.LogoutFilter@3be2ef56, org.springframework.security.web.savedrequest.RequestCacheAwareFilter@73f0b216, org.springframework.security.web.servletapi.SecurityContextHolderAwareRequestFilter@73bd146c, org.springframework.security.web.authentication.AnonymousAuthenticationFilter@3b4b2c03, org.springframework.security.web.access.ExceptionTranslationFilter@5603632c, org.springframework.security.web.access.intercept.FilterSecurityInterceptor@1c2273f6]
2023-12-23T11:14:36.202+01:00  INFO 24740 --- [           main] c.odin.esport.OdinBackApplicationTests   : Started OdinBackApplicationTests in 8.014 seconds (process running for 8.907)
]]></system-out>
  </testcase>
</testsuite>